
> sasstemplate@0.1.0 build
> next build

   ▲ Next.js 15.5.7
   - Environments: .env
   - Experiments (use with caution):
     · staleTimes

   Creating an optimized production build ...
 ✓ Compiled successfully in 10.9s
   Skipping validation of types
   Skipping linting
   Collecting page data ...
   Generating static pages (0/19) ...
react-i18next:: useTranslation: You will need to pass in an i18next instance by using initReactI18next { code: 'NO_I18NEXT_INSTANCE' }
   Generating static pages (4/19)
   Generating static pages (9/19)
   Generating static pages (14/19)
 ✓ Generating static pages (19/19)
   Finalizing page optimization ...
   Collecting build traces ...

Route (app)                                 Size  First Load JS
┌ ○ /                                    6.85 kB         208 kB
├ ○ /_not-found                            127 B         102 kB
├ ○ /admin                               1.79 kB         110 kB
├ ƒ /api/auth/callback                     127 B         102 kB
├ ○ /app                                  105 kB         261 kB
├ ○ /app/ai                              3.08 kB         129 kB
├ ○ /app/storage                         8.89 kB         189 kB
├ ○ /app/table                           8.86 kB         171 kB
├ ○ /app/user-settings                   4.97 kB         175 kB
├ ○ /auth/2fa                            4.41 kB         157 kB
├ ○ /auth/forgot-password                2.87 kB         152 kB
├ ○ /auth/login                          4.26 kB         153 kB
├ ○ /auth/register                       4.37 kB         154 kB
├ ○ /auth/reset-password                 3.19 kB         149 kB
├ ○ /auth/verify-email                   2.69 kB         152 kB
├ ○ /legal                                 299 B         102 kB
└ ƒ /legal/[document]                    35.9 kB         144 kB
+ First Load JS shared by all             102 kB
  ├ chunks/255-def8c458e67bf850.js       45.5 kB
  ├ chunks/4bd1b696-409494caf8c83275.js  54.2 kB
  └ other shared chunks (total)          2.07 kB


ƒ Middleware                             70.5 kB

○  (Static)   prerendered as static content
ƒ  (Dynamic)  server-rendered on demand
